<?xml version="1.0" encoding="UTF-8"?>
<testng-results ignored="0" total="4" passed="4" failed="0" skipped="0">
  <reporter-output>
  </reporter-output>
  <suite started-at="2020-12-03T15:19:20 CET" name="BestBuy API Test Suite" finished-at="2020-12-03T15:19:23 CET" duration-ms="3055">
    <groups>
    </groups>
    <test started-at="2020-12-03T15:19:20 CET" name="Gradle test" finished-at="2020-12-03T15:19:23 CET" duration-ms="3055">
      <class name="ServicesApiTest">
        <test-method is-config="true" signature="getApiUrl()[pri:0, instance:ServicesApiTest@296dd689]" started-at="2020-12-03T15:19:20 CET" name="getApiUrl" finished-at="2020-12-03T15:19:20 CET" duration-ms="7" status="PASS">
          <reporter-output>
          </reporter-output>
        </test-method> <!-- getApiUrl -->
        <test-method signature="createService_checkId_ShouldReturnService()[pri:0, instance:ServicesApiTest@296dd689]" started-at="2020-12-03T15:19:20 CET" name="createService_checkId_ShouldReturnService" finished-at="2020-12-03T15:19:23 CET" duration-ms="2754" status="PASS">
          <reporter-output>
          </reporter-output>
        </test-method> <!-- createService_checkId_ShouldReturnService -->
        <test-method signature="getServices_DefaultLimit_ShouldReturn10Results()[pri:0, instance:ServicesApiTest@296dd689]" started-at="2020-12-03T15:19:23 CET" name="getServices_DefaultLimit_ShouldReturn10Results" finished-at="2020-12-03T15:19:23 CET" duration-ms="38" status="PASS">
          <reporter-output>
          </reporter-output>
        </test-method> <!-- getServices_DefaultLimit_ShouldReturn10Results -->
        <test-method signature="getServices_SortByNameAscending_ShouldReturnSortedResults()[pri:0, instance:ServicesApiTest@296dd689]" started-at="2020-12-03T15:19:23 CET" name="getServices_SortByNameAscending_ShouldReturnSortedResults" finished-at="2020-12-03T15:19:23 CET" duration-ms="240" status="PASS">
          <reporter-output>
          </reporter-output>
        </test-method> <!-- getServices_SortByNameAscending_ShouldReturnSortedResults -->
      </class> <!-- ServicesApiTest -->
      <class name="StoresApiTest">
        <test-method is-config="true" signature="getApiUrl()[pri:0, instance:StoresApiTest@37723db8]" started-at="2020-12-03T15:19:20 CET" name="getApiUrl" finished-at="2020-12-03T15:19:20 CET" duration-ms="0" status="PASS">
          <reporter-output>
          </reporter-output>
        </test-method> <!-- getApiUrl -->
        <test-method signature="getStores_DefaultLimit_ShouldReturn10Results()[pri:0, instance:StoresApiTest@37723db8]" started-at="2020-12-03T15:19:20 CET" name="getStores_DefaultLimit_ShouldReturn10Results" finished-at="2020-12-03T15:19:22 CET" duration-ms="2563" status="PASS">
          <reporter-output>
          </reporter-output>
        </test-method> <!-- getStores_DefaultLimit_ShouldReturn10Results -->
      </class> <!-- StoresApiTest -->
    </test> <!-- Gradle test -->
  </suite> <!-- BestBuy API Test Suite -->
</testng-results>
